<?xml version="1.0" encoding="UTF-8"?>
<!-- Generated by org.testng.reporters.JUnitXMLReporter -->
<testsuite ignored="1" hostname="IN-670QVP3" failures="0" tests="1" name="Default test" time="21.853" errors="0" timestamp="2023-03-28T17:47:13 IST">
  <testcase classname="com.Practice.Tests.RegisterPageTest" name="visiblity" time="7.991"/>
  <testcase classname="com.Practice.Tests.RegisterPageTest" name="Register" time="0.0">
    <ignored/>
  </testcase> <!-- Register -->
</testsuite> <!-- Default test -->
