<?xml version="1.0" encoding="UTF-8"?>
<!-- Generated by org.testng.reporters.JUnitXMLReporter -->
<testsuite ignored="0" hostname="IN-670QVP3" failures="0" tests="4" name="Test" time="43.593" errors="0" timestamp="2023-03-28T14:23:46 IST">
  <testcase classname="com.Practice.Tests.RegisterPageTest" name="Register" time="6.955"/>
  <testcase classname="com.Practice.Tests.RegisterPageTest" name="visiblity" time="3.412"/>
  <testcase classname="com.Practice.Tests.LoginTest" name="ValidLogin" time="3.526"/>
  <testcase classname="com.Practice.Tests.LoginTest" name="InValidLogin" time="5.589"/>
</testsuite> <!-- Test -->
