<?xml version="1.0" encoding="UTF-8"?>
<testng-results ignored="1" total="2" passed="1" failed="0" skipped="0">
  <reporter-output>
  </reporter-output>
  <suite started-at="2023-03-28T17:46:51 IST" name="Default suite" finished-at="2023-03-28T17:47:13 IST" duration-ms="21853">
    <groups>
    </groups>
    <test started-at="2023-03-28T17:46:51 IST" name="Default test" finished-at="2023-03-28T17:47:13 IST" duration-ms="21853">
      <class name="com.Practice.Tests.RegisterPageTest">
        <test-method is-config="true" signature="initializeDriver()[pri:0, instance:com.Practice.Tests.RegisterPageTest@72cc7e6f]" started-at="2023-03-28T17:46:51 IST" name="initializeDriver" finished-at="2023-03-28T17:46:54 IST" duration-ms="2448" status="PASS">
          <reporter-output>
          </reporter-output>
        </test-method> <!-- initializeDriver -->
        <test-method is-config="true" signature="openBrowser()[pri:0, instance:com.Practice.Tests.RegisterPageTest@72cc7e6f]" started-at="2023-03-28T17:46:54 IST" name="openBrowser" finished-at="2023-03-28T17:47:05 IST" duration-ms="11381" status="PASS">
          <reporter-output>
          </reporter-output>
        </test-method> <!-- openBrowser -->
        <test-method signature="visiblity()[pri:0, instance:com.Practice.Tests.RegisterPageTest@72cc7e6f]" started-at="2023-03-28T17:47:05 IST" name="visiblity" finished-at="2023-03-28T17:47:13 IST" duration-ms="7991" status="PASS">
          <reporter-output>
          </reporter-output>
        </test-method> <!-- visiblity -->
        <test-method is-config="true" signature="closeBrowser(org.testng.ITestResult)[pri:0, instance:com.Practice.Tests.RegisterPageTest@72cc7e6f]" started-at="2023-03-28T17:47:13 IST" name="closeBrowser" finished-at="2023-03-28T17:47:13 IST" duration-ms="2" status="PASS">
          <params>
            <param index="0">
              <value>
                <![CDATA[[TestResult name=visiblity status=SUCCESS method=RegisterPageTest.visiblity()[pri:0, instance:com.Practice.Tests.RegisterPageTest@72cc7e6f] output={null}]]]>
              </value>
            </param>
          </params>
          <reporter-output>
          </reporter-output>
        </test-method> <!-- closeBrowser -->
      </class> <!-- com.Practice.Tests.RegisterPageTest -->
    </test> <!-- Default test -->
  </suite> <!-- Default suite -->
</testng-results>
